<?xml version="1.0" encoding="UTF-8"?>
<!-- Generated by org.testng.reporters.JUnitXMLReporter -->
<testsuite ignored="0" hostname="DESKTOP-T3OTOED" failures="0" tests="16" name="Default test" time="81.453" errors="0" timestamp="2020-12-20T19:31:46 IST">
  <testcase classname="com.pratise.seleniumtest.TestCase" name="setDemo" time="3.354"/>
  <testcase classname="com.pratise.seleniumtest.TestCase" name="date" time="0.288"/>
  <testcase classname="com.pratise.seleniumtest.TestCase" name="dropdown" time="2.223"/>
  <testcase classname="com.pratise.seleniumtest.TestCase" name="flight_button" time="3.187"/>
  <testcase classname="com.pratise.seleniumtest.TestCase" name="Checking_CheckBox" time="11.773"/>
  <testcase classname="com.pratise.seleniumtest.TestCase" name="slider" time="3.69"/>
  <testcase classname="com.pratise.seleniumtest.TestCase" name="Uncheck" time="5.279"/>
  <testcase classname="com.pratise.seleniumtest.TestCase" name="Flight_booking" time="3.172"/>
  <testcase classname="com.pratise.seleniumtest.TestCase" name="Window_handel" time="5.043"/>
  <testcase classname="com.pratise.seleniumtest.TestCase" name="Continue_booking" time="9.209"/>
  <testcase classname="com.pratise.seleniumtest.TestCase" name="Email" time="4.463"/>
  <testcase classname="com.pratise.seleniumtest.TestCase" name="Adult_traveller" time="4.092"/>
  <testcase classname="com.pratise.seleniumtest.TestCase" name="Child" time="1.783"/>
  <testcase classname="com.pratise.seleniumtest.TestCase" name="Infant" time="1.91"/>
  <testcase classname="com.pratise.seleniumtest.TestCase" name="Mobile_number" time="1.246"/>
  <testcase classname="com.pratise.seleniumtest.TestCase" name="Continue_button" time="8.441"/>
</testsuite> <!-- Default test -->
