<?xml version="1.0" encoding="UTF-8"?>
<testng-results ignored="0" total="16" passed="16" failed="0" skipped="0">
  <reporter-output>
  </reporter-output>
  <suite started-at="2020-12-20T19:30:24 IST" name="Default suite" finished-at="2020-12-20T19:31:46 IST" duration-ms="81453">
    <groups>
    </groups>
    <test started-at="2020-12-20T19:30:24 IST" name="Default test" finished-at="2020-12-20T19:31:46 IST" duration-ms="81453">
      <class name="com.pratise.seleniumtest.TestCase">
        <test-method is-config="true" signature="beforeTest()[pri:0, instance:com.pratise.seleniumtest.TestCase@524d6d96]" started-at="2020-12-20T19:30:24 IST" name="beforeTest" finished-at="2020-12-20T19:30:36 IST" duration-ms="11303" status="PASS">
          <reporter-output>
          </reporter-output>
        </test-method> <!-- beforeTest -->
        <test-method signature="setDemo()[pri:1, instance:com.pratise.seleniumtest.TestCase@524d6d96]" started-at="2020-12-20T19:30:36 IST" name="setDemo" finished-at="2020-12-20T19:30:39 IST" duration-ms="3354" status="PASS">
          <reporter-output>
          </reporter-output>
        </test-method> <!-- setDemo -->
        <test-method signature="date()[pri:2, instance:com.pratise.seleniumtest.TestCase@524d6d96]" started-at="2020-12-20T19:30:39 IST" name="date" finished-at="2020-12-20T19:30:39 IST" duration-ms="288" status="PASS">
          <reporter-output>
          </reporter-output>
        </test-method> <!-- date -->
        <test-method signature="dropdown()[pri:3, instance:com.pratise.seleniumtest.TestCase@524d6d96]" started-at="2020-12-20T19:30:39 IST" name="dropdown" finished-at="2020-12-20T19:30:41 IST" duration-ms="2223" status="PASS">
          <reporter-output>
          </reporter-output>
        </test-method> <!-- dropdown -->
        <test-method signature="flight_button()[pri:4, instance:com.pratise.seleniumtest.TestCase@524d6d96]" started-at="2020-12-20T19:30:41 IST" name="flight_button" finished-at="2020-12-20T19:30:45 IST" duration-ms="3187" status="PASS">
          <reporter-output>
          </reporter-output>
        </test-method> <!-- flight_button -->
        <test-method signature="Checking_CheckBox()[pri:5, instance:com.pratise.seleniumtest.TestCase@524d6d96]" started-at="2020-12-20T19:30:45 IST" name="Checking_CheckBox" finished-at="2020-12-20T19:30:56 IST" duration-ms="11773" status="PASS">
          <reporter-output>
          </reporter-output>
        </test-method> <!-- Checking_CheckBox -->
        <test-method signature="slider()[pri:6, instance:com.pratise.seleniumtest.TestCase@524d6d96]" started-at="2020-12-20T19:30:56 IST" name="slider" finished-at="2020-12-20T19:31:00 IST" duration-ms="3690" status="PASS">
          <reporter-output>
          </reporter-output>
        </test-method> <!-- slider -->
        <test-method signature="Uncheck()[pri:7, instance:com.pratise.seleniumtest.TestCase@524d6d96]" started-at="2020-12-20T19:31:00 IST" name="Uncheck" finished-at="2020-12-20T19:31:05 IST" duration-ms="5279" status="PASS">
          <reporter-output>
          </reporter-output>
        </test-method> <!-- Uncheck -->
        <test-method signature="Flight_booking()[pri:8, instance:com.pratise.seleniumtest.TestCase@524d6d96]" started-at="2020-12-20T19:31:05 IST" name="Flight_booking" finished-at="2020-12-20T19:31:09 IST" duration-ms="3172" status="PASS">
          <reporter-output>
          </reporter-output>
        </test-method> <!-- Flight_booking -->
        <test-method signature="Window_handel()[pri:9, instance:com.pratise.seleniumtest.TestCase@524d6d96]" started-at="2020-12-20T19:31:09 IST" name="Window_handel" finished-at="2020-12-20T19:31:14 IST" duration-ms="5043" status="PASS">
          <reporter-output>
          </reporter-output>
        </test-method> <!-- Window_handel -->
        <test-method signature="Continue_booking()[pri:10, instance:com.pratise.seleniumtest.TestCase@524d6d96]" started-at="2020-12-20T19:31:14 IST" name="Continue_booking" finished-at="2020-12-20T19:31:23 IST" duration-ms="9209" status="PASS">
          <reporter-output>
          </reporter-output>
        </test-method> <!-- Continue_booking -->
        <test-method signature="Email()[pri:11, instance:com.pratise.seleniumtest.TestCase@524d6d96]" started-at="2020-12-20T19:31:23 IST" name="Email" finished-at="2020-12-20T19:31:27 IST" duration-ms="4463" status="PASS">
          <reporter-output>
          </reporter-output>
        </test-method> <!-- Email -->
        <test-method signature="Adult_traveller()[pri:12, instance:com.pratise.seleniumtest.TestCase@524d6d96]" started-at="2020-12-20T19:31:27 IST" name="Adult_traveller" finished-at="2020-12-20T19:31:31 IST" duration-ms="4092" status="PASS">
          <reporter-output>
          </reporter-output>
        </test-method> <!-- Adult_traveller -->
        <test-method signature="Child()[pri:13, instance:com.pratise.seleniumtest.TestCase@524d6d96]" started-at="2020-12-20T19:31:31 IST" name="Child" finished-at="2020-12-20T19:31:33 IST" duration-ms="1783" status="PASS">
          <reporter-output>
          </reporter-output>
        </test-method> <!-- Child -->
        <test-method signature="Infant()[pri:14, instance:com.pratise.seleniumtest.TestCase@524d6d96]" started-at="2020-12-20T19:31:33 IST" name="Infant" finished-at="2020-12-20T19:31:35 IST" duration-ms="1910" status="PASS">
          <reporter-output>
          </reporter-output>
        </test-method> <!-- Infant -->
        <test-method signature="Mobile_number()[pri:15, instance:com.pratise.seleniumtest.TestCase@524d6d96]" started-at="2020-12-20T19:31:35 IST" name="Mobile_number" finished-at="2020-12-20T19:31:36 IST" duration-ms="1246" status="PASS">
          <reporter-output>
          </reporter-output>
        </test-method> <!-- Mobile_number -->
        <test-method signature="Continue_button()[pri:16, instance:com.pratise.seleniumtest.TestCase@524d6d96]" started-at="2020-12-20T19:31:36 IST" name="Continue_button" finished-at="2020-12-20T19:31:45 IST" duration-ms="8441" status="PASS">
          <reporter-output>
          </reporter-output>
        </test-method> <!-- Continue_button -->
        <test-method is-config="true" signature="afterTest()[pri:0, instance:com.pratise.seleniumtest.TestCase@524d6d96]" started-at="2020-12-20T19:31:45 IST" name="afterTest" finished-at="2020-12-20T19:31:46 IST" duration-ms="864" status="PASS">
          <reporter-output>
          </reporter-output>
        </test-method> <!-- afterTest -->
      </class> <!-- com.pratise.seleniumtest.TestCase -->
    </test> <!-- Default test -->
  </suite> <!-- Default suite -->
</testng-results>
